2016-11-14 22:46:17.036+0000 INFO  [o.n.k.i.f.CommunityFacadeFactory] No locking implementation specified, defaulting to 'community'
2016-11-14 22:46:17.056+0000 INFO  [o.n.k.AvailabilityGuard] Requirement makes database unavailable: Database available
2016-11-14 22:46:17.062+0000 INFO  [o.n.k.i.DiagnosticsManager] --- INITIALIZED diagnostics START ---
2016-11-14 22:46:17.062+0000 INFO  [o.n.k.i.DiagnosticsManager] Neo4j Kernel properties:
2016-11-14 22:46:17.062+0000 INFO  [o.n.k.i.DiagnosticsManager] dbms.connector.http.enabled=true
2016-11-14 22:46:17.062+0000 INFO  [o.n.k.i.DiagnosticsManager] dbms.security.auth_enabled=true
2016-11-14 22:46:17.062+0000 INFO  [o.n.k.i.DiagnosticsManager] dbms.connector.bolt.type=BOLT
2016-11-14 22:46:17.062+0000 INFO  [o.n.k.i.DiagnosticsManager] unsupported.dbms.directories.neo4j_home=C:\Users\rowor\Documents\NetBeansProjects\MEMA2.0\dataBase
2016-11-14 22:46:17.062+0000 INFO  [o.n.k.i.DiagnosticsManager] dbms.directories.import=import
2016-11-14 22:46:17.062+0000 INFO  [o.n.k.i.DiagnosticsManager] dbms.connector.bolt.tls_level=OPTIONAL
2016-11-14 22:46:17.062+0000 INFO  [o.n.k.i.DiagnosticsManager] dbms.shell.enabled=true
2016-11-14 22:46:17.062+0000 INFO  [o.n.k.i.DiagnosticsManager] dbms.connector.http.type=HTTP
2016-11-14 22:46:17.063+0000 INFO  [o.n.k.i.DiagnosticsManager] unsupported.dbms.directories.database=C:\Users\rowor\Documents\NetBeansProjects\MEMA2.0\dataBase
2016-11-14 22:46:17.063+0000 INFO  [o.n.k.i.DiagnosticsManager] dbms.logs.http.enabled=false
2016-11-14 22:46:17.063+0000 INFO  [o.n.k.i.DiagnosticsManager] unsupported.dbms.security.auth_store.location=data\dbms\auth
2016-11-14 22:46:17.063+0000 INFO  [o.n.k.i.DiagnosticsManager] unsupported.dbms.edition=community
2016-11-14 22:46:17.063+0000 INFO  [o.n.k.i.DiagnosticsManager] dbms.connector.bolt.enabled=true
2016-11-14 22:46:17.063+0000 INFO  [o.n.k.i.DiagnosticsManager] Diagnostics providers:
2016-11-14 22:46:17.063+0000 INFO  [o.n.k.i.DiagnosticsManager] org.neo4j.kernel.configuration.Config
2016-11-14 22:46:17.063+0000 INFO  [o.n.k.i.DiagnosticsManager] org.neo4j.kernel.info.DiagnosticsManager
2016-11-14 22:46:17.063+0000 INFO  [o.n.k.i.DiagnosticsManager] SYSTEM_MEMORY
2016-11-14 22:46:17.063+0000 INFO  [o.n.k.i.DiagnosticsManager] JAVA_MEMORY
2016-11-14 22:46:17.063+0000 INFO  [o.n.k.i.DiagnosticsManager] OPERATING_SYSTEM
2016-11-14 22:46:17.063+0000 INFO  [o.n.k.i.DiagnosticsManager] JAVA_VIRTUAL_MACHINE
2016-11-14 22:46:17.063+0000 INFO  [o.n.k.i.DiagnosticsManager] CLASSPATH
2016-11-14 22:46:17.063+0000 INFO  [o.n.k.i.DiagnosticsManager] LIBRARY_PATH
2016-11-14 22:46:17.063+0000 INFO  [o.n.k.i.DiagnosticsManager] SYSTEM_PROPERTIES
2016-11-14 22:46:17.063+0000 INFO  [o.n.k.i.DiagnosticsManager] NETWORK
2016-11-14 22:46:17.063+0000 INFO  [o.n.k.i.DiagnosticsManager] System memory information:
2016-11-14 22:46:17.063+0000 INFO  [o.n.k.i.DiagnosticsManager] Total Physical memory: 7.87 GB
2016-11-14 22:46:17.063+0000 INFO  [o.n.k.i.DiagnosticsManager] Free Physical memory: 2.51 GB
2016-11-14 22:46:17.063+0000 INFO  [o.n.k.i.DiagnosticsManager] Committed virtual memory: 574.87 MB
2016-11-14 22:46:17.063+0000 INFO  [o.n.k.i.DiagnosticsManager] Total swap space: 11.17 GB
2016-11-14 22:46:17.063+0000 INFO  [o.n.k.i.DiagnosticsManager] Free swap space: 3.47 GB
2016-11-14 22:46:17.063+0000 INFO  [o.n.k.i.DiagnosticsManager] JVM memory information:
2016-11-14 22:46:17.064+0000 INFO  [o.n.k.i.DiagnosticsManager] Free  memory: 205.01 MB
2016-11-14 22:46:17.064+0000 INFO  [o.n.k.i.DiagnosticsManager] Total memory: 303.00 MB
2016-11-14 22:46:17.064+0000 INFO  [o.n.k.i.DiagnosticsManager] Max   memory: 1.75 GB
2016-11-14 22:46:17.064+0000 INFO  [o.n.k.i.DiagnosticsManager] Garbage Collector: PS Scavenge: [PS Eden Space, PS Survivor Space]
2016-11-14 22:46:17.064+0000 INFO  [o.n.k.i.DiagnosticsManager] Garbage Collector: PS MarkSweep: [PS Eden Space, PS Survivor Space, PS Old Gen]
2016-11-14 22:46:17.065+0000 INFO  [o.n.k.i.DiagnosticsManager] Memory Pool: Code Cache (Non-heap memory): committed=15.88 MB, used=15.77 MB, max=240.00 MB, threshold=0.00 B
2016-11-14 22:46:17.065+0000 INFO  [o.n.k.i.DiagnosticsManager] Memory Pool: Metaspace (Non-heap memory): committed=60.29 MB, used=59.13 MB, max=-1.00 B, threshold=0.00 B
2016-11-14 22:46:17.065+0000 INFO  [o.n.k.i.DiagnosticsManager] Memory Pool: Compressed Class Space (Non-heap memory): committed=9.04 MB, used=8.71 MB, max=1.00 GB, threshold=0.00 B
2016-11-14 22:46:17.065+0000 INFO  [o.n.k.i.DiagnosticsManager] Memory Pool: PS Eden Space (Heap memory): committed=161.00 MB, used=51.87 MB, max=635.50 MB, threshold=?
2016-11-14 22:46:17.065+0000 INFO  [o.n.k.i.DiagnosticsManager] Memory Pool: PS Survivor Space (Heap memory): committed=13.50 MB, used=3.84 MB, max=13.50 MB, threshold=?
2016-11-14 22:46:17.065+0000 INFO  [o.n.k.i.DiagnosticsManager] Memory Pool: PS Old Gen (Heap memory): committed=128.50 MB, used=42.28 MB, max=1.31 GB, threshold=0.00 B
2016-11-14 22:46:17.065+0000 INFO  [o.n.k.i.DiagnosticsManager] Operating system information:
2016-11-14 22:46:17.065+0000 INFO  [o.n.k.i.DiagnosticsManager] Operating System: Windows 10; version: 10.0; arch: amd64; cpus: 4
2016-11-14 22:46:17.066+0000 INFO  [o.n.k.i.DiagnosticsManager] Process id: 5000@LAPTOP-BSL17V8S
2016-11-14 22:46:17.066+0000 INFO  [o.n.k.i.DiagnosticsManager] Byte order: LITTLE_ENDIAN
2016-11-14 22:46:17.066+0000 INFO  [o.n.k.i.DiagnosticsManager] Local timezone: America/Regina
2016-11-14 22:46:17.066+0000 INFO  [o.n.k.i.DiagnosticsManager] JVM information:
2016-11-14 22:46:17.067+0000 INFO  [o.n.k.i.DiagnosticsManager] VM Name: Java HotSpot(TM) 64-Bit Server VM
2016-11-14 22:46:17.067+0000 INFO  [o.n.k.i.DiagnosticsManager] VM Vendor: Oracle Corporation
2016-11-14 22:46:17.067+0000 INFO  [o.n.k.i.DiagnosticsManager] VM Version: 25.60-b23
2016-11-14 22:46:17.067+0000 INFO  [o.n.k.i.DiagnosticsManager] JIT compiler: HotSpot 64-Bit Tiered Compilers
2016-11-14 22:46:17.067+0000 INFO  [o.n.k.i.DiagnosticsManager] VM Arguments: [-Dexe4j.semaphoreName=Local\c:_program_files_neo4j_ce_3.0.7_bin_neo4j-ce.exe, -Dexe4j.isInstall4j=true, -Dexe4j.moduleName=C:\Program Files\Neo4j CE 3.0.7\bin\neo4j-ce.exe, -Dexe4j.tempDir=, -Dexe4j.unextractedPosition=0, -Djava.library.path=C:\ProgramData\Oracle\Java\javapath;C:\Program Files (x86)\Intel\iCLS Client\;C:\Program Files\Intel\iCLS Client\;C:\Windows\system32;C:\Windows;C:\Windows\System32\Wbem;C:\Windows\System32\WindowsPowerShell\v1.0\;C:\Program Files (x86)\NVIDIA Corporation\PhysX\Common;C:\Program Files (x86)\Intel\Intel(R) Management Engine Components\DAL;C:\Program Files\Intel\Intel(R) Management Engine Components\DAL;C:\Program Files (x86)\Intel\Intel(R) Management Engine Components\IPT;C:\Program Files\Intel\Intel(R) Management Engine Components\IPT;C:\Program Files\Intel\WiFi\bin\;C:\Program Files\Common Files\Intel\WirelessCommon\;c:\program files\neo4j ce 3.0.7\jre\bin, -Dexe4j.consoleCodepage=cp0, -Dinstall4j.launcherId=24, -Dinstall4j.swt=false]
2016-11-14 22:46:17.067+0000 INFO  [o.n.k.i.DiagnosticsManager] Java classpath:
2016-11-14 22:46:17.068+0000 INFO  [o.n.k.i.DiagnosticsManager]  [loader.1] file:/C:/Program%20Files/Neo4j%20CE%203.0.7/jre/lib/ext/sunec.jar
2016-11-14 22:46:17.068+0000 INFO  [o.n.k.i.DiagnosticsManager]  [loader.0] file:/C:/Program%20Files/Neo4j%20CE%203.0.7/.install4j/i4jruntime.jar
2016-11-14 22:46:17.068+0000 INFO  [o.n.k.i.DiagnosticsManager]  [bootstrap] C:\Program Files\Neo4j CE 3.0.7\jre\lib\jce.jar
2016-11-14 22:46:17.068+0000 INFO  [o.n.k.i.DiagnosticsManager]  [bootstrap] C:\Program Files\Neo4j CE 3.0.7\jre\lib\jsse.jar
2016-11-14 22:46:17.068+0000 INFO  [o.n.k.i.DiagnosticsManager]  [classpath] C:\Program Files\Neo4j CE 3.0.7\bin\neo4j-desktop-3.0.7.jar
2016-11-14 22:46:17.068+0000 INFO  [o.n.k.i.DiagnosticsManager]  [loader.0] file:/C:/Program%20Files/Neo4j%20CE%203.0.7/bin/neo4j-desktop-3.0.7.jar
2016-11-14 22:46:17.068+0000 INFO  [o.n.k.i.DiagnosticsManager]  [loader.1] file:/C:/Program%20Files/Neo4j%20CE%203.0.7/jre/lib/ext/nashorn.jar
2016-11-14 22:46:17.068+0000 INFO  [o.n.k.i.DiagnosticsManager]  [bootstrap] C:\Program Files\Neo4j CE 3.0.7\jre\lib\sunrsasign.jar
2016-11-14 22:46:17.068+0000 INFO  [o.n.k.i.DiagnosticsManager]  [bootstrap] C:\Program Files\Neo4j CE 3.0.7\jre\lib\charsets.jar
2016-11-14 22:46:17.068+0000 INFO  [o.n.k.i.DiagnosticsManager]  [loader.1] file:/C:/Program%20Files/Neo4j%20CE%203.0.7/jre/lib/ext/zipfs.jar
2016-11-14 22:46:17.069+0000 INFO  [o.n.k.i.DiagnosticsManager]  [loader.1] file:/C:/Program%20Files/Neo4j%20CE%203.0.7/jre/lib/ext/cldrdata.jar
2016-11-14 22:46:17.069+0000 INFO  [o.n.k.i.DiagnosticsManager]  [loader.1] file:/C:/Program%20Files/Neo4j%20CE%203.0.7/jre/lib/ext/localedata.jar
2016-11-14 22:46:17.069+0000 INFO  [o.n.k.i.DiagnosticsManager]  [loader.1] file:/C:/Program%20Files/Neo4j%20CE%203.0.7/jre/lib/ext/sunmscapi.jar
2016-11-14 22:46:17.069+0000 INFO  [o.n.k.i.DiagnosticsManager]  [bootstrap] C:\Program Files\Neo4j CE 3.0.7\jre\classes
2016-11-14 22:46:17.069+0000 INFO  [o.n.k.i.DiagnosticsManager]  [loader.1] file:/C:/Program%20Files/Neo4j%20CE%203.0.7/jre/lib/ext/sunjce_provider.jar
2016-11-14 22:46:17.069+0000 INFO  [o.n.k.i.DiagnosticsManager]  [classpath] C:\Program Files\Neo4j CE 3.0.7\.install4j\i4jruntime.jar
2016-11-14 22:46:17.069+0000 INFO  [o.n.k.i.DiagnosticsManager]  [bootstrap] C:\Program Files\Neo4j CE 3.0.7\jre\lib\jfr.jar
2016-11-14 22:46:17.069+0000 INFO  [o.n.k.i.DiagnosticsManager]  [loader.0] file:/C:/Program%20Files/Neo4j%20CE%203.0.7/bin/
2016-11-14 22:46:17.069+0000 INFO  [o.n.k.i.DiagnosticsManager]  [loader.1] file:/C:/Program%20Files/Neo4j%20CE%203.0.7/jre/lib/ext/jfxrt.jar
2016-11-14 22:46:17.069+0000 INFO  [o.n.k.i.DiagnosticsManager]  [loader.1] file:/C:/Program%20Files/Neo4j%20CE%203.0.7/jre/lib/ext/dnsns.jar
2016-11-14 22:46:17.069+0000 INFO  [o.n.k.i.DiagnosticsManager]  [bootstrap] C:\Program Files\Neo4j CE 3.0.7\jre\lib\resources.jar
2016-11-14 22:46:17.069+0000 INFO  [o.n.k.i.DiagnosticsManager]  [loader.1] file:/C:/Program%20Files/Neo4j%20CE%203.0.7/jre/lib/ext/sunpkcs11.jar
2016-11-14 22:46:17.069+0000 INFO  [o.n.k.i.DiagnosticsManager]  [bootstrap] C:\Program Files\Neo4j CE 3.0.7\jre\lib\rt.jar
2016-11-14 22:46:17.069+0000 INFO  [o.n.k.i.DiagnosticsManager]  [loader.1] file:/C:/Program%20Files/Neo4j%20CE%203.0.7/jre/lib/ext/jaccess.jar
2016-11-14 22:46:17.069+0000 INFO  [o.n.k.i.DiagnosticsManager]  [loader.1] file:/C:/Program%20Files/Neo4j%20CE%203.0.7/jre/lib/ext/access-bridge-64.jar
2016-11-14 22:46:17.069+0000 INFO  [o.n.k.i.DiagnosticsManager] Library path:
2016-11-14 22:46:17.070+0000 INFO  [o.n.k.i.DiagnosticsManager] C:\ProgramData\Oracle\Java\javapath
2016-11-14 22:46:17.070+0000 INFO  [o.n.k.i.DiagnosticsManager] C:\Program Files (x86)\Intel\iCLS Client
2016-11-14 22:46:17.070+0000 INFO  [o.n.k.i.DiagnosticsManager] C:\Program Files\Intel\iCLS Client
2016-11-14 22:46:17.070+0000 INFO  [o.n.k.i.DiagnosticsManager] C:\Windows\System32
2016-11-14 22:46:17.070+0000 INFO  [o.n.k.i.DiagnosticsManager] C:\Windows
2016-11-14 22:46:17.070+0000 INFO  [o.n.k.i.DiagnosticsManager] C:\Windows\System32\wbem
2016-11-14 22:46:17.070+0000 INFO  [o.n.k.i.DiagnosticsManager] C:\Windows\System32\WindowsPowerShell\v1.0
2016-11-14 22:46:17.070+0000 INFO  [o.n.k.i.DiagnosticsManager] C:\Program Files (x86)\NVIDIA Corporation\PhysX\Common
2016-11-14 22:46:17.071+0000 INFO  [o.n.k.i.DiagnosticsManager] C:\Program Files (x86)\Intel\Intel(R) Management Engine Components\DAL
2016-11-14 22:46:17.071+0000 INFO  [o.n.k.i.DiagnosticsManager] C:\Program Files\Intel\Intel(R) Management Engine Components\DAL
2016-11-14 22:46:17.071+0000 INFO  [o.n.k.i.DiagnosticsManager] C:\Program Files (x86)\Intel\Intel(R) Management Engine Components\IPT
2016-11-14 22:46:17.071+0000 INFO  [o.n.k.i.DiagnosticsManager] C:\Program Files\Intel\Intel(R) Management Engine Components\IPT
2016-11-14 22:46:17.071+0000 INFO  [o.n.k.i.DiagnosticsManager] C:\Program Files\Intel\WiFi\bin
2016-11-14 22:46:17.071+0000 INFO  [o.n.k.i.DiagnosticsManager] C:\Program Files\Common Files\Intel\WirelessCommon
2016-11-14 22:46:17.072+0000 INFO  [o.n.k.i.DiagnosticsManager] C:\Program Files\Neo4j CE 3.0.7\jre\bin
2016-11-14 22:46:17.072+0000 INFO  [o.n.k.i.DiagnosticsManager] System.properties:
2016-11-14 22:46:17.072+0000 INFO  [o.n.k.i.DiagnosticsManager] exe4j.moduleName = C:\Program Files\Neo4j CE 3.0.7\bin\neo4j-ce.exe
2016-11-14 22:46:17.072+0000 INFO  [o.n.k.i.DiagnosticsManager] exe4j.semaphoreName = Local\c:_program_files_neo4j_ce_3.0.7_bin_neo4j-ce.exe
2016-11-14 22:46:17.072+0000 INFO  [o.n.k.i.DiagnosticsManager] sun.boot.library.path = c:\program files\neo4j ce 3.0.7\jre\bin
2016-11-14 22:46:17.072+0000 INFO  [o.n.k.i.DiagnosticsManager] exe4j.consoleCodepage = cp0
2016-11-14 22:46:17.072+0000 INFO  [o.n.k.i.DiagnosticsManager] path.separator = ;
2016-11-14 22:46:17.072+0000 INFO  [o.n.k.i.DiagnosticsManager] file.encoding.pkg = sun.io
2016-11-14 22:46:17.072+0000 INFO  [o.n.k.i.DiagnosticsManager] user.country = US
2016-11-14 22:46:17.072+0000 INFO  [o.n.k.i.DiagnosticsManager] user.script = 
2016-11-14 22:46:17.072+0000 INFO  [o.n.k.i.DiagnosticsManager] sun.os.patch.level = 
2016-11-14 22:46:17.072+0000 INFO  [o.n.k.i.DiagnosticsManager] install4j.exeDir = C:\Program Files\Neo4j CE 3.0.7\bin\
2016-11-14 22:46:17.072+0000 INFO  [o.n.k.i.DiagnosticsManager] user.dir = C:\Program Files\Neo4j CE 3.0.7\bin
2016-11-14 22:46:17.072+0000 INFO  [o.n.k.i.DiagnosticsManager] user.variant = 
2016-11-14 22:46:17.072+0000 INFO  [o.n.k.i.DiagnosticsManager] exe4j.tempDir = 
2016-11-14 22:46:17.072+0000 INFO  [o.n.k.i.DiagnosticsManager] sun.jnu.encoding = Cp1252
2016-11-14 22:46:17.072+0000 INFO  [o.n.k.i.DiagnosticsManager] sun.nio.ch.bugLevel = 
2016-11-14 22:46:17.072+0000 INFO  [o.n.k.i.DiagnosticsManager] unsupported.dbms.udc.source = desktop
2016-11-14 22:46:17.072+0000 INFO  [o.n.k.i.DiagnosticsManager] sun.awt.enableExtraMouseButtons = true
2016-11-14 22:46:17.072+0000 INFO  [o.n.k.i.DiagnosticsManager] install4j.launcherId = 24
2016-11-14 22:46:17.072+0000 INFO  [o.n.k.i.DiagnosticsManager] sun.management.compiler = HotSpot 64-Bit Tiered Compilers
2016-11-14 22:46:17.072+0000 INFO  [o.n.k.i.DiagnosticsManager] exe4j.isInstall4j = true
2016-11-14 22:46:17.072+0000 INFO  [o.n.k.i.DiagnosticsManager] install4j.swt = false
2016-11-14 22:46:17.072+0000 INFO  [o.n.k.i.DiagnosticsManager] user.home = C:\Users\rowor
2016-11-14 22:46:17.072+0000 INFO  [o.n.k.i.DiagnosticsManager] user.timezone = America/Regina
2016-11-14 22:46:17.072+0000 INFO  [o.n.k.i.DiagnosticsManager] file.encoding = Cp1252
2016-11-14 22:46:17.072+0000 INFO  [o.n.k.i.DiagnosticsManager] user.name = rowor
2016-11-14 22:46:17.072+0000 INFO  [o.n.k.i.DiagnosticsManager] sun.java.command = C:\Program Files\Neo4j CE 3.0.7\bin\neo4j-ce.exe
2016-11-14 22:46:17.072+0000 INFO  [o.n.k.i.DiagnosticsManager] sun.arch.data.model = 64
2016-11-14 22:46:17.072+0000 INFO  [o.n.k.i.DiagnosticsManager] exe4j.launchName = C:\Program Files\Neo4j CE 3.0.7\bin\neo4j-ce.exe
2016-11-14 22:46:17.072+0000 INFO  [o.n.k.i.DiagnosticsManager] user.language = en
2016-11-14 22:46:17.072+0000 INFO  [o.n.k.i.DiagnosticsManager] awt.toolkit = sun.awt.windows.WToolkit
2016-11-14 22:46:17.072+0000 INFO  [o.n.k.i.DiagnosticsManager] exe4j.unextractedPosition = 0
2016-11-14 22:46:17.072+0000 INFO  [o.n.k.i.DiagnosticsManager] install4j.appDir = C:\Program Files\Neo4j CE 3.0.7\
2016-11-14 22:46:17.072+0000 INFO  [o.n.k.i.DiagnosticsManager] file.separator = \
2016-11-14 22:46:17.072+0000 INFO  [o.n.k.i.DiagnosticsManager] sun.io.unicode.encoding = UnicodeLittle
2016-11-14 22:46:17.072+0000 INFO  [o.n.k.i.DiagnosticsManager] sun.cpu.endian = little
2016-11-14 22:46:17.072+0000 INFO  [o.n.k.i.DiagnosticsManager] sun.desktop = windows
2016-11-14 22:46:17.072+0000 INFO  [o.n.k.i.DiagnosticsManager] sun.cpu.isalist = amd64
2016-11-14 22:46:17.072+0000 INFO  [o.n.k.i.DiagnosticsManager] Network information:
2016-11-14 22:46:17.098+0000 INFO  [o.n.k.i.DiagnosticsManager] Interface Software Loopback Interface 1:
2016-11-14 22:46:17.098+0000 INFO  [o.n.k.i.DiagnosticsManager]     address: 127.0.0.1
2016-11-14 22:46:17.098+0000 INFO  [o.n.k.i.DiagnosticsManager]     address: 0:0:0:0:0:0:0:1
2016-11-14 22:46:17.098+0000 INFO  [o.n.k.i.DiagnosticsManager] Interface Bluetooth Device (RFCOMM Protocol TDI):
2016-11-14 22:46:17.098+0000 INFO  [o.n.k.i.DiagnosticsManager] Interface Microsoft ISATAP Adapter:
2016-11-14 22:46:17.098+0000 INFO  [o.n.k.i.DiagnosticsManager]     address: fe80:0:0:0:0:5efe:ac14:640%net1
2016-11-14 22:46:17.098+0000 INFO  [o.n.k.i.DiagnosticsManager] Interface Intel(R) Dual Band Wireless-AC 7265:
2016-11-14 22:46:17.098+0000 INFO  [o.n.k.i.DiagnosticsManager]     address: 172.20.6.64
2016-11-14 22:46:17.098+0000 INFO  [o.n.k.i.DiagnosticsManager]     address: fe80:0:0:0:3c89:5d52:266:6ed6%wlan0
2016-11-14 22:46:17.099+0000 INFO  [o.n.k.i.DiagnosticsManager] Interface Microsoft Kernel Debug Network Adapter:
2016-11-14 22:46:17.099+0000 INFO  [o.n.k.i.DiagnosticsManager] Interface Microsoft Wi-Fi Direct Virtual Adapter:
2016-11-14 22:46:17.099+0000 INFO  [o.n.k.i.DiagnosticsManager]     address: fe80:0:0:0:b955:8798:2a5f:e421%wlan1
2016-11-14 22:46:17.099+0000 INFO  [o.n.k.i.DiagnosticsManager] Interface Realtek PCIe GBE Family Controller:
2016-11-14 22:46:17.099+0000 INFO  [o.n.k.i.DiagnosticsManager]     address: fe80:0:0:0:58aa:441d:14e4:77e4%eth1
2016-11-14 22:46:17.099+0000 INFO  [o.n.k.i.DiagnosticsManager] Interface Bluetooth Device (Personal Area Network):
2016-11-14 22:46:17.099+0000 INFO  [o.n.k.i.DiagnosticsManager]     address: fe80:0:0:0:9959:71da:3540:6a98%eth2
2016-11-14 22:46:17.099+0000 INFO  [o.n.k.i.DiagnosticsManager] Interface Microsoft 6to4 Adapter:
2016-11-14 22:46:17.099+0000 INFO  [o.n.k.i.DiagnosticsManager] Interface Realtek PCIe GBE Family Controller-WFP Native MAC Layer LightWeight Filter-0000:
2016-11-14 22:46:17.099+0000 INFO  [o.n.k.i.DiagnosticsManager] Interface Realtek PCIe GBE Family Controller-QoS Packet Scheduler-0000:
2016-11-14 22:46:17.099+0000 INFO  [o.n.k.i.DiagnosticsManager] Interface Realtek PCIe GBE Family Controller-WFP 802.3 MAC Layer LightWeight Filter-0000:
2016-11-14 22:46:17.099+0000 INFO  [o.n.k.i.DiagnosticsManager] Interface Intel(R) Dual Band Wireless-AC 7265-WFP Native MAC Layer LightWeight Filter-0000:
2016-11-14 22:46:17.099+0000 INFO  [o.n.k.i.DiagnosticsManager] Interface Intel(R) Dual Band Wireless-AC 7265-Virtual WiFi Filter Driver-0000:
2016-11-14 22:46:17.099+0000 INFO  [o.n.k.i.DiagnosticsManager] Interface Intel(R) Dual Band Wireless-AC 7265-Native WiFi Filter Driver-0000:
2016-11-14 22:46:17.099+0000 INFO  [o.n.k.i.DiagnosticsManager] Interface Intel(R) Dual Band Wireless-AC 7265-QoS Packet Scheduler-0000:
2016-11-14 22:46:17.099+0000 INFO  [o.n.k.i.DiagnosticsManager] Interface Intel(R) Dual Band Wireless-AC 7265-WFP 802.3 MAC Layer LightWeight Filter-0000:
2016-11-14 22:46:17.099+0000 INFO  [o.n.k.i.DiagnosticsManager] Interface Microsoft Wi-Fi Direct Virtual Adapter-WFP Native MAC Layer LightWeight Filter-0000:
2016-11-14 22:46:17.099+0000 INFO  [o.n.k.i.DiagnosticsManager] Interface Microsoft Wi-Fi Direct Virtual Adapter-Native WiFi Filter Driver-0000:
2016-11-14 22:46:17.099+0000 INFO  [o.n.k.i.DiagnosticsManager] Interface Microsoft Wi-Fi Direct Virtual Adapter-QoS Packet Scheduler-0000:
2016-11-14 22:46:17.099+0000 INFO  [o.n.k.i.DiagnosticsManager] Interface Microsoft Wi-Fi Direct Virtual Adapter-WFP 802.3 MAC Layer LightWeight Filter-0000:
2016-11-14 22:46:17.099+0000 INFO  [o.n.k.i.DiagnosticsManager] Interface Teredo Tunneling Pseudo-Interface:
2016-11-14 22:46:17.099+0000 INFO  [o.n.k.i.DiagnosticsManager]     address: 2001:0:9d38:90d7:388d:3a23:53eb:f9bf
2016-11-14 22:46:17.099+0000 INFO  [o.n.k.i.DiagnosticsManager]     address: fe80:0:0:0:388d:3a23:53eb:f9bf%net3
2016-11-14 22:46:17.099+0000 INFO  [o.n.k.i.DiagnosticsManager] Interface Microsoft ISATAP Adapter #2:
2016-11-14 22:46:17.099+0000 INFO  [o.n.k.i.DiagnosticsManager] --- INITIALIZED diagnostics END ---
2016-11-14 22:46:17.111+0000 INFO  [o.n.b.v.r.Sessions] No SSL certificate found, generating a self-signed certificate..
2016-11-14 22:46:17.790+0000 INFO  [o.n.b.v.r.Sessions] Bolt Server extension loaded.
2016-11-14 22:46:17.817+0000 INFO  [o.n.b.v.r.Sessions] Bolt enabled on localhost:7687.
2016-11-14 22:46:17.845+0000 INFO  [o.n.k.i.s.f.RecordFormatSelector] Selected format 'RecordFormat:StandardV3_0[v0.A.7]' for the new store
2016-11-14 22:46:18.172+0000 INFO  [o.n.k.a.i.l.LuceneLabelScanStore] No lucene scan store index found, this might just be first use. Preparing to rebuild.
2016-11-14 22:46:18.193+0000 INFO  [o.n.k.NeoStoreDataSource] Opened logical log [C:\Users\rowor\Documents\NetBeansProjects\MEMA2.0\dataBase\neostore.transaction.db.0] version=0, lastTxId=1 (clean)
2016-11-14 22:46:18.201+0000 WARN  [o.n.k.i.s.MetaDataStore] Missing counts store, rebuilding it.
2016-11-14 22:46:18.331+0000 INFO  [o.n.k.a.i.l.LuceneLabelScanStore] Rebuilding lucene scan store, this may take a while
2016-11-14 22:46:18.359+0000 INFO  [o.n.k.a.i.l.LuceneLabelScanStore] Lucene scan store rebuilt (roughly 0 nodes)
2016-11-14 22:46:18.364+0000 INFO  [o.n.k.i.DatabaseHealth] Database health set to OK
2016-11-14 22:46:18.806+0000 INFO  [o.n.k.AvailabilityGuard] Fulfilling of requirement makes database available: Database available
2016-11-14 22:46:18.819+0000 INFO  [o.n.k.i.f.CommunityFacadeFactory] Database is now ready
2016-11-14 22:46:18.822+0000 INFO  [o.n.k.i.DiagnosticsManager] --- STARTED diagnostics for KernelDiagnostics:Versions START ---
2016-11-14 22:46:18.826+0000 INFO  [o.n.k.i.DiagnosticsManager] Graph Database: community single StoreId{creationTime=1479163578144, randomId=3167660659545158453, storeVersion=15531981201765894, upgradeTime=1479163578144, upgradeId=1}
2016-11-14 22:46:18.830+0000 INFO  [o.n.k.i.DiagnosticsManager] Kernel version: 3.0.7
2016-11-14 22:46:18.834+0000 INFO  [o.n.k.i.DiagnosticsManager] --- STARTED diagnostics for KernelDiagnostics:Versions END ---
2016-11-14 22:46:18.839+0000 INFO  [o.n.k.i.DiagnosticsManager] --- STARTED diagnostics for NEO_STORE_VERSIONS START ---
2016-11-14 22:46:18.853+0000 INFO  [o.n.k.i.DiagnosticsManager] Store versions:
2016-11-14 22:46:18.856+0000 INFO  [o.n.k.i.DiagnosticsManager] Store versions:
2016-11-14 22:46:18.859+0000 INFO  [o.n.k.i.DiagnosticsManager]   ArrayPropertyStore v0.A.7
2016-11-14 22:46:18.863+0000 INFO  [o.n.k.i.DiagnosticsManager]   NodeStore v0.A.7
2016-11-14 22:46:18.866+0000 INFO  [o.n.k.i.DiagnosticsManager]   StringPropertyStore v0.A.7
2016-11-14 22:46:18.871+0000 INFO  [o.n.k.i.DiagnosticsManager]   PropertyIndexStore v0.A.7
2016-11-14 22:46:18.876+0000 INFO  [o.n.k.i.DiagnosticsManager]   StringPropertyStore v0.A.7
2016-11-14 22:46:18.880+0000 INFO  [o.n.k.i.DiagnosticsManager]   ArrayPropertyStore v0.A.7
2016-11-14 22:46:18.884+0000 INFO  [o.n.k.i.DiagnosticsManager]   PropertyStore v0.A.7
2016-11-14 22:46:18.887+0000 INFO  [o.n.k.i.DiagnosticsManager]   RelationshipStore v0.A.7
2016-11-14 22:46:18.890+0000 INFO  [o.n.k.i.DiagnosticsManager]   StringPropertyStore v0.A.7
2016-11-14 22:46:18.893+0000 INFO  [o.n.k.i.DiagnosticsManager]   RelationshipTypeStore v0.A.7
2016-11-14 22:46:18.897+0000 INFO  [o.n.k.i.DiagnosticsManager]   StringPropertyStore v0.A.7
2016-11-14 22:46:18.900+0000 INFO  [o.n.k.i.DiagnosticsManager]   LabelTokenStore v0.A.7
2016-11-14 22:46:18.913+0000 INFO  [o.n.k.i.DiagnosticsManager]   SchemaStore v0.A.7
2016-11-14 22:46:18.918+0000 INFO  [o.n.k.i.DiagnosticsManager]   RelationshipGroupStore v0.A.7
2016-11-14 22:46:18.926+0000 INFO  [o.n.k.i.DiagnosticsManager]   NeoStore v0.A.7
2016-11-14 22:46:18.929+0000 INFO  [o.n.k.i.DiagnosticsManager] --- STARTED diagnostics for NEO_STORE_VERSIONS END ---
2016-11-14 22:46:18.933+0000 INFO  [o.n.k.i.DiagnosticsManager] --- STARTED diagnostics for NEO_STORE_ID_USAGE START ---
2016-11-14 22:46:18.937+0000 INFO  [o.n.k.i.DiagnosticsManager] Id usage:
2016-11-14 22:46:18.949+0000 INFO  [o.n.k.i.DiagnosticsManager] Id usage:
2016-11-14 22:46:18.953+0000 INFO  [o.n.k.i.DiagnosticsManager]   ArrayPropertyStore: used=1 high=0
2016-11-14 22:46:18.957+0000 INFO  [o.n.k.i.DiagnosticsManager]   NodeStore: used=0 high=-1
2016-11-14 22:46:18.961+0000 INFO  [o.n.k.i.DiagnosticsManager]   StringPropertyStore: used=1 high=0
2016-11-14 22:46:18.964+0000 INFO  [o.n.k.i.DiagnosticsManager]   PropertyIndexStore: used=0 high=-1
2016-11-14 22:46:18.968+0000 INFO  [o.n.k.i.DiagnosticsManager]   StringPropertyStore: used=1 high=0
2016-11-14 22:46:18.972+0000 INFO  [o.n.k.i.DiagnosticsManager]   ArrayPropertyStore: used=1 high=0
2016-11-14 22:46:18.976+0000 INFO  [o.n.k.i.DiagnosticsManager]   PropertyStore: used=0 high=-1
2016-11-14 22:46:18.980+0000 INFO  [o.n.k.i.DiagnosticsManager]   RelationshipStore: used=0 high=-1
2016-11-14 22:46:18.984+0000 INFO  [o.n.k.i.DiagnosticsManager]   StringPropertyStore: used=1 high=0
2016-11-14 22:46:18.988+0000 INFO  [o.n.k.i.DiagnosticsManager]   RelationshipTypeStore: used=0 high=-1
2016-11-14 22:46:18.991+0000 INFO  [o.n.k.i.DiagnosticsManager]   StringPropertyStore: used=1 high=0
2016-11-14 22:46:18.996+0000 INFO  [o.n.k.i.DiagnosticsManager]   LabelTokenStore: used=0 high=-1
2016-11-14 22:46:18.999+0000 INFO  [o.n.k.i.DiagnosticsManager]   SchemaStore: used=1 high=0
2016-11-14 22:46:19.010+0000 INFO  [o.n.k.i.DiagnosticsManager]   RelationshipGroupStore: used=1 high=0
2016-11-14 22:46:19.017+0000 INFO  [o.n.k.i.DiagnosticsManager]   NeoStore: used=15 high=14
2016-11-14 22:46:19.021+0000 INFO  [o.n.k.i.DiagnosticsManager] --- STARTED diagnostics for NEO_STORE_ID_USAGE END ---
2016-11-14 22:46:19.025+0000 INFO  [o.n.k.i.DiagnosticsManager] --- STARTED diagnostics for NEO_STORE_RECORDS START ---
2016-11-14 22:46:19.029+0000 INFO  [o.n.k.i.DiagnosticsManager] Neostore records:
2016-11-14 22:46:19.033+0000 INFO  [o.n.k.i.DiagnosticsManager] TIME (Creation time): 1479163578144
2016-11-14 22:46:19.037+0000 INFO  [o.n.k.i.DiagnosticsManager] RANDOM_NUMBER (Random number for store id): 3167660659545158453
2016-11-14 22:46:19.043+0000 INFO  [o.n.k.i.DiagnosticsManager] LOG_VERSION (Current log version): 0
2016-11-14 22:46:19.046+0000 INFO  [o.n.k.i.DiagnosticsManager] LAST_TRANSACTION_ID (Last committed transaction): 1
2016-11-14 22:46:19.050+0000 INFO  [o.n.k.i.DiagnosticsManager] STORE_VERSION (Store format version): 15531981201765894
2016-11-14 22:46:19.053+0000 INFO  [o.n.k.i.DiagnosticsManager] FIRST_GRAPH_PROPERTY (First property record containing graph properties): -1
2016-11-14 22:46:19.056+0000 INFO  [o.n.k.i.DiagnosticsManager] LAST_CONSTRAINT_TRANSACTION (Last committed transaction containing constraint changes): 0
2016-11-14 22:46:19.060+0000 INFO  [o.n.k.i.DiagnosticsManager] UPGRADE_TRANSACTION_ID (Transaction id most recent upgrade was performed at): 1
2016-11-14 22:46:19.063+0000 INFO  [o.n.k.i.DiagnosticsManager] UPGRADE_TIME (Time of last upgrade): 1479163578144
2016-11-14 22:46:19.067+0000 INFO  [o.n.k.i.DiagnosticsManager] LAST_TRANSACTION_CHECKSUM (Checksum of last committed transaction): 0
2016-11-14 22:46:19.081+0000 INFO  [o.n.k.i.DiagnosticsManager] UPGRADE_TRANSACTION_CHECKSUM (Checksum of transaction id the most recent upgrade was performed at): 0
2016-11-14 22:46:19.087+0000 INFO  [o.n.k.i.DiagnosticsManager] LAST_CLOSED_TRANSACTION_LOG_VERSION (Log version where the last transaction commit entry has been written into): 0
2016-11-14 22:46:19.091+0000 INFO  [o.n.k.i.DiagnosticsManager] LAST_CLOSED_TRANSACTION_LOG_BYTE_OFFSET (Byte offset in the log file where the last transaction commit entry has been written into): 16
2016-11-14 22:46:19.094+0000 INFO  [o.n.k.i.DiagnosticsManager] LAST_TRANSACTION_COMMIT_TIMESTAMP (Commit time timestamp for last committed transaction): 0
2016-11-14 22:46:19.098+0000 INFO  [o.n.k.i.DiagnosticsManager] UPGRADE_TRANSACTION_COMMIT_TIMESTAMP (Commit timestamp of transaction the most recent upgrade was performed at): 0
2016-11-14 22:46:19.102+0000 INFO  [o.n.k.i.DiagnosticsManager] --- STARTED diagnostics for NEO_STORE_RECORDS END ---
2016-11-14 22:46:19.107+0000 INFO  [o.n.k.i.DiagnosticsManager] --- STARTED diagnostics for TRANSACTION_RANGE START ---
2016-11-14 22:46:19.111+0000 INFO  [o.n.k.i.DiagnosticsManager] Transaction log:
2016-11-14 22:46:19.115+0000 INFO  [o.n.k.i.DiagnosticsManager] No transactions found in any log
2016-11-14 22:46:19.119+0000 INFO  [o.n.k.i.DiagnosticsManager] --- STARTED diagnostics for TRANSACTION_RANGE END ---
2016-11-14 22:46:19.122+0000 INFO  [o.n.k.i.DiagnosticsManager] --- STARTED diagnostics for KernelDiagnostics:StoreFiles START ---
2016-11-14 22:46:19.127+0000 INFO  [o.n.k.i.DiagnosticsManager] Disk space on partition (Total / Free / Free %): 511296139264 / 454158131200 / 88
Storage files: (filename : modification date - size)
2016-11-14 22:46:19.131+0000 INFO  [o.n.k.i.DiagnosticsManager]   certificates:
2016-11-14 22:46:19.140+0000 INFO  [o.n.k.i.DiagnosticsManager]     neo4j.cert: 2016-11-14T16:46:17-0600 - 1002.00 B
2016-11-14 22:46:19.149+0000 INFO  [o.n.k.i.DiagnosticsManager]     neo4j.key: 2016-11-14T16:46:17-0600 - 1.69 kB
2016-11-14 22:46:19.153+0000 INFO  [o.n.k.i.DiagnosticsManager]   - Total: 2016-11-14T16:46:17-0600 - 2.67 kB
2016-11-14 22:46:19.156+0000 INFO  [o.n.k.i.DiagnosticsManager]   data:
2016-11-14 22:46:19.161+0000 INFO  [o.n.k.i.DiagnosticsManager]     dbms:
2016-11-14 22:46:19.165+0000 INFO  [o.n.k.i.DiagnosticsManager]       auth: 2016-11-14T16:46:18-0600 - 137.00 B
2016-11-14 22:46:19.169+0000 INFO  [o.n.k.i.DiagnosticsManager]     - Total: 2016-11-14T16:46:18-0600 - 137.00 B
2016-11-14 22:46:19.181+0000 INFO  [o.n.k.i.DiagnosticsManager]   - Total: 2016-11-14T16:46:18-0600 - 137.00 B
2016-11-14 22:46:19.185+0000 INFO  [o.n.k.i.DiagnosticsManager]   index:
2016-11-14 22:46:19.188+0000 INFO  [o.n.k.i.DiagnosticsManager]   - Total: 2016-11-14T16:46:18-0600 - 0.00 B
2016-11-14 22:46:19.192+0000 INFO  [o.n.k.i.DiagnosticsManager]   logs:
2016-11-14 22:46:19.195+0000 INFO  [o.n.k.i.DiagnosticsManager]     debug.log: 2016-11-14T16:46:18-0600 - 29.74 kB
2016-11-14 22:46:19.199+0000 INFO  [o.n.k.i.DiagnosticsManager]   - Total: 2016-11-14T16:46:16-0600 - 29.74 kB
2016-11-14 22:46:19.204+0000 INFO  [o.n.k.i.DiagnosticsManager]   neostore: 2016-11-14T16:46:18-0600 - 8.00 kB
2016-11-14 22:46:19.208+0000 INFO  [o.n.k.i.DiagnosticsManager]   neostore.counts.db.a: 2016-11-14T16:46:18-0600 - 96.00 B
2016-11-14 22:46:19.212+0000 INFO  [o.n.k.i.DiagnosticsManager]   neostore.id: 2016-11-14T16:46:18-0600 - 9.00 B
2016-11-14 22:46:19.215+0000 INFO  [o.n.k.i.DiagnosticsManager]   neostore.labeltokenstore.db: 2016-11-14T16:46:18-0600 - 0.00 B
2016-11-14 22:46:19.218+0000 INFO  [o.n.k.i.DiagnosticsManager]   neostore.labeltokenstore.db.id: 2016-11-14T16:46:18-0600 - 9.00 B
2016-11-14 22:46:19.222+0000 INFO  [o.n.k.i.DiagnosticsManager]   neostore.labeltokenstore.db.names: 2016-11-14T16:46:18-0600 - 8.00 kB
2016-11-14 22:46:19.227+0000 INFO  [o.n.k.i.DiagnosticsManager]   neostore.labeltokenstore.db.names.id: 2016-11-14T16:46:18-0600 - 9.00 B
2016-11-14 22:46:19.230+0000 INFO  [o.n.k.i.DiagnosticsManager]   neostore.nodestore.db: 2016-11-14T16:46:17-0600 - 0.00 B
2016-11-14 22:46:19.243+0000 INFO  [o.n.k.i.DiagnosticsManager]   neostore.nodestore.db.id: 2016-11-14T16:46:17-0600 - 9.00 B
2016-11-14 22:46:19.248+0000 INFO  [o.n.k.i.DiagnosticsManager]   neostore.nodestore.db.labels: 2016-11-14T16:46:17-0600 - 8.00 kB
2016-11-14 22:46:19.251+0000 INFO  [o.n.k.i.DiagnosticsManager]   neostore.nodestore.db.labels.id: 2016-11-14T16:46:17-0600 - 9.00 B
2016-11-14 22:46:19.254+0000 INFO  [o.n.k.i.DiagnosticsManager]   neostore.propertystore.db: 2016-11-14T16:46:18-0600 - 0.00 B
2016-11-14 22:46:19.258+0000 INFO  [o.n.k.i.DiagnosticsManager]   neostore.propertystore.db.arrays: 2016-11-14T16:46:18-0600 - 8.00 kB
2016-11-14 22:46:19.261+0000 INFO  [o.n.k.i.DiagnosticsManager]   neostore.propertystore.db.arrays.id: 2016-11-14T16:46:18-0600 - 9.00 B
2016-11-14 22:46:19.266+0000 INFO  [o.n.k.i.DiagnosticsManager]   neostore.propertystore.db.id: 2016-11-14T16:46:18-0600 - 9.00 B
2016-11-14 22:46:19.276+0000 INFO  [o.n.k.i.DiagnosticsManager]   neostore.propertystore.db.index: 2016-11-14T16:46:17-0600 - 0.00 B
2016-11-14 22:46:19.282+0000 INFO  [o.n.k.i.DiagnosticsManager]   neostore.propertystore.db.index.id: 2016-11-14T16:46:17-0600 - 9.00 B
2016-11-14 22:46:19.286+0000 INFO  [o.n.k.i.DiagnosticsManager]   neostore.propertystore.db.index.keys: 2016-11-14T16:46:17-0600 - 8.00 kB
2016-11-14 22:46:19.289+0000 INFO  [o.n.k.i.DiagnosticsManager]   neostore.propertystore.db.index.keys.id: 2016-11-14T16:46:17-0600 - 9.00 B
2016-11-14 22:46:19.293+0000 INFO  [o.n.k.i.DiagnosticsManager]   neostore.propertystore.db.strings: 2016-11-14T16:46:17-0600 - 8.00 kB
2016-11-14 22:46:19.297+0000 INFO  [o.n.k.i.DiagnosticsManager]   neostore.propertystore.db.strings.id: 2016-11-14T16:46:17-0600 - 9.00 B
2016-11-14 22:46:19.304+0000 INFO  [o.n.k.i.DiagnosticsManager]   neostore.relationshipgroupstore.db: 2016-11-14T16:46:18-0600 - 8.00 kB
2016-11-14 22:46:19.318+0000 INFO  [o.n.k.i.DiagnosticsManager]   neostore.relationshipgroupstore.db.id: 2016-11-14T16:46:18-0600 - 9.00 B
2016-11-14 22:46:19.321+0000 INFO  [o.n.k.i.DiagnosticsManager]   neostore.relationshipstore.db: 2016-11-14T16:46:18-0600 - 0.00 B
2016-11-14 22:46:19.324+0000 INFO  [o.n.k.i.DiagnosticsManager]   neostore.relationshipstore.db.id: 2016-11-14T16:46:18-0600 - 9.00 B
2016-11-14 22:46:19.328+0000 INFO  [o.n.k.i.DiagnosticsManager]   neostore.relationshiptypestore.db: 2016-11-14T16:46:18-0600 - 0.00 B
2016-11-14 22:46:19.332+0000 INFO  [o.n.k.i.DiagnosticsManager]   neostore.relationshiptypestore.db.id: 2016-11-14T16:46:18-0600 - 9.00 B
2016-11-14 22:46:19.337+0000 INFO  [o.n.k.i.DiagnosticsManager]   neostore.relationshiptypestore.db.names: 2016-11-14T16:46:18-0600 - 8.00 kB
2016-11-14 22:46:19.352+0000 INFO  [o.n.k.i.DiagnosticsManager]   neostore.relationshiptypestore.db.names.id: 2016-11-14T16:46:18-0600 - 9.00 B
2016-11-14 22:46:19.357+0000 INFO  [o.n.k.i.DiagnosticsManager]   neostore.schemastore.db: 2016-11-14T16:46:18-0600 - 8.00 kB
2016-11-14 22:46:19.362+0000 INFO  [o.n.k.i.DiagnosticsManager]   neostore.schemastore.db.id: 2016-11-14T16:46:18-0600 - 9.00 B
2016-11-14 22:46:19.366+0000 INFO  [o.n.k.i.DiagnosticsManager]   neostore.transaction.db.0: 2016-11-14T16:46:18-0600 - 16.00 B
2016-11-14 22:46:19.381+0000 INFO  [o.n.k.i.DiagnosticsManager]   schema:
2016-11-14 22:46:19.386+0000 INFO  [o.n.k.i.DiagnosticsManager]     label:
2016-11-14 22:46:19.391+0000 INFO  [o.n.k.i.DiagnosticsManager]       lucene:
2016-11-14 22:46:19.395+0000 INFO  [o.n.k.i.DiagnosticsManager]         labelStore:
2016-11-14 22:46:19.400+0000 INFO  [o.n.k.i.DiagnosticsManager]           1:
2016-11-14 22:46:19.408+0000 INFO  [o.n.k.i.DiagnosticsManager]             write.lock: 2016-11-14T16:46:18-0600 - 0.00 B
2016-11-14 22:46:19.415+0000 INFO  [o.n.k.i.DiagnosticsManager]           - Total: 2016-11-14T16:46:18-0600 - 0.00 B
2016-11-14 22:46:19.420+0000 INFO  [o.n.k.i.DiagnosticsManager]           failure-message: 2016-11-14T16:46:18-0600 - 16.00 kB
2016-11-14 22:46:19.424+0000 INFO  [o.n.k.i.DiagnosticsManager]         - Total: 2016-11-14T16:46:18-0600 - 16.00 kB
2016-11-14 22:46:19.427+0000 INFO  [o.n.k.i.DiagnosticsManager]       - Total: 2016-11-14T16:46:18-0600 - 16.00 kB
2016-11-14 22:46:19.442+0000 INFO  [o.n.k.i.DiagnosticsManager]     - Total: 2016-11-14T16:46:18-0600 - 16.00 kB
2016-11-14 22:46:19.450+0000 INFO  [o.n.k.i.DiagnosticsManager]   - Total: 2016-11-14T16:46:18-0600 - 16.00 kB
2016-11-14 22:46:19.458+0000 INFO  [o.n.k.i.DiagnosticsManager]   store_lock: 2016-11-14T16:46:17-0600 - 0.00 B
2016-11-14 22:46:19.465+0000 INFO  [o.n.k.i.DiagnosticsManager] --- STARTED diagnostics for KernelDiagnostics:StoreFiles END ---
2016-11-14 22:46:19.498+0000 INFO  [o.n.k.i.DiagnosticsManager] --- SERVER STARTED START ---
2016-11-14 22:46:20.350+0000 INFO  [o.n.k.i.DiagnosticsManager] --- SERVER STARTED END ---
2016-11-14 22:55:04.335+0000 ERROR [o.n.b.t.SocketTransportHandler] Fatal error occurred when handling a client connection: An existing connection was forcibly closed by the remote host An existing connection was forcibly closed by the remote host
java.io.IOException: An existing connection was forcibly closed by the remote host
	at sun.nio.ch.SocketDispatcher.read0(Native Method)
	at sun.nio.ch.SocketDispatcher.read(Unknown Source)
	at sun.nio.ch.IOUtil.readIntoNativeBuffer(Unknown Source)
	at sun.nio.ch.IOUtil.read(Unknown Source)
	at sun.nio.ch.SocketChannelImpl.read(Unknown Source)
	at io.netty.buffer.PooledUnsafeDirectByteBuf.setBytes(PooledUnsafeDirectByteBuf.java:311)
	at io.netty.buffer.AbstractByteBuf.writeBytes(AbstractByteBuf.java:881)
	at io.netty.channel.socket.nio.NioSocketChannel.doReadBytes(NioSocketChannel.java:242)
	at io.netty.channel.nio.AbstractNioByteChannel$NioByteUnsafe.read(AbstractNioByteChannel.java:119)
	at io.netty.channel.nio.NioEventLoop.processSelectedKey(NioEventLoop.java:511)
	at io.netty.channel.nio.NioEventLoop.processSelectedKeysOptimized(NioEventLoop.java:468)
	at io.netty.channel.nio.NioEventLoop.processSelectedKeys(NioEventLoop.java:382)
	at io.netty.channel.nio.NioEventLoop.run(NioEventLoop.java:354)
	at io.netty.util.concurrent.SingleThreadEventExecutor$2.run(SingleThreadEventExecutor.java:111)
	at java.lang.Thread.run(Unknown Source)
2016-11-14 22:55:12.545+0000 ERROR [o.n.b.t.SocketTransportHandler] Fatal error occurred when handling a client connection: An existing connection was forcibly closed by the remote host An existing connection was forcibly closed by the remote host
java.io.IOException: An existing connection was forcibly closed by the remote host
	at sun.nio.ch.SocketDispatcher.read0(Native Method)
	at sun.nio.ch.SocketDispatcher.read(Unknown Source)
	at sun.nio.ch.IOUtil.readIntoNativeBuffer(Unknown Source)
	at sun.nio.ch.IOUtil.read(Unknown Source)
	at sun.nio.ch.SocketChannelImpl.read(Unknown Source)
	at io.netty.buffer.PooledUnsafeDirectByteBuf.setBytes(PooledUnsafeDirectByteBuf.java:311)
	at io.netty.buffer.AbstractByteBuf.writeBytes(AbstractByteBuf.java:881)
	at io.netty.channel.socket.nio.NioSocketChannel.doReadBytes(NioSocketChannel.java:242)
	at io.netty.channel.nio.AbstractNioByteChannel$NioByteUnsafe.read(AbstractNioByteChannel.java:119)
	at io.netty.channel.nio.NioEventLoop.processSelectedKey(NioEventLoop.java:511)
	at io.netty.channel.nio.NioEventLoop.processSelectedKeysOptimized(NioEventLoop.java:468)
	at io.netty.channel.nio.NioEventLoop.processSelectedKeys(NioEventLoop.java:382)
	at io.netty.channel.nio.NioEventLoop.run(NioEventLoop.java:354)
	at io.netty.util.concurrent.SingleThreadEventExecutor$2.run(SingleThreadEventExecutor.java:111)
	at java.lang.Thread.run(Unknown Source)
2016-11-14 22:55:50.617+0000 ERROR [o.n.b.t.SocketTransportHandler] Fatal error occurred when handling a client connection: An existing connection was forcibly closed by the remote host An existing connection was forcibly closed by the remote host
java.io.IOException: An existing connection was forcibly closed by the remote host
	at sun.nio.ch.SocketDispatcher.read0(Native Method)
	at sun.nio.ch.SocketDispatcher.read(Unknown Source)
	at sun.nio.ch.IOUtil.readIntoNativeBuffer(Unknown Source)
	at sun.nio.ch.IOUtil.read(Unknown Source)
	at sun.nio.ch.SocketChannelImpl.read(Unknown Source)
	at io.netty.buffer.PooledUnsafeDirectByteBuf.setBytes(PooledUnsafeDirectByteBuf.java:311)
	at io.netty.buffer.AbstractByteBuf.writeBytes(AbstractByteBuf.java:881)
	at io.netty.channel.socket.nio.NioSocketChannel.doReadBytes(NioSocketChannel.java:242)
	at io.netty.channel.nio.AbstractNioByteChannel$NioByteUnsafe.read(AbstractNioByteChannel.java:119)
	at io.netty.channel.nio.NioEventLoop.processSelectedKey(NioEventLoop.java:511)
	at io.netty.channel.nio.NioEventLoop.processSelectedKeysOptimized(NioEventLoop.java:468)
	at io.netty.channel.nio.NioEventLoop.processSelectedKeys(NioEventLoop.java:382)
	at io.netty.channel.nio.NioEventLoop.run(NioEventLoop.java:354)
	at io.netty.util.concurrent.SingleThreadEventExecutor$2.run(SingleThreadEventExecutor.java:111)
	at java.lang.Thread.run(Unknown Source)
2016-11-14 22:58:48.685+0000 ERROR [o.n.b.t.SocketTransportHandler] Fatal error occurred when handling a client connection: An existing connection was forcibly closed by the remote host An existing connection was forcibly closed by the remote host
java.io.IOException: An existing connection was forcibly closed by the remote host
	at sun.nio.ch.SocketDispatcher.read0(Native Method)
	at sun.nio.ch.SocketDispatcher.read(Unknown Source)
	at sun.nio.ch.IOUtil.readIntoNativeBuffer(Unknown Source)
	at sun.nio.ch.IOUtil.read(Unknown Source)
	at sun.nio.ch.SocketChannelImpl.read(Unknown Source)
	at io.netty.buffer.PooledUnsafeDirectByteBuf.setBytes(PooledUnsafeDirectByteBuf.java:311)
	at io.netty.buffer.AbstractByteBuf.writeBytes(AbstractByteBuf.java:881)
	at io.netty.channel.socket.nio.NioSocketChannel.doReadBytes(NioSocketChannel.java:242)
	at io.netty.channel.nio.AbstractNioByteChannel$NioByteUnsafe.read(AbstractNioByteChannel.java:119)
	at io.netty.channel.nio.NioEventLoop.processSelectedKey(NioEventLoop.java:511)
	at io.netty.channel.nio.NioEventLoop.processSelectedKeysOptimized(NioEventLoop.java:468)
	at io.netty.channel.nio.NioEventLoop.processSelectedKeys(NioEventLoop.java:382)
	at io.netty.channel.nio.NioEventLoop.run(NioEventLoop.java:354)
	at io.netty.util.concurrent.SingleThreadEventExecutor$2.run(SingleThreadEventExecutor.java:111)
	at java.lang.Thread.run(Unknown Source)
2016-11-14 22:59:09.020+0000 ERROR [o.n.b.t.SocketTransportHandler] Fatal error occurred when handling a client connection: An existing connection was forcibly closed by the remote host An existing connection was forcibly closed by the remote host
java.io.IOException: An existing connection was forcibly closed by the remote host
	at sun.nio.ch.SocketDispatcher.read0(Native Method)
	at sun.nio.ch.SocketDispatcher.read(Unknown Source)
	at sun.nio.ch.IOUtil.readIntoNativeBuffer(Unknown Source)
	at sun.nio.ch.IOUtil.read(Unknown Source)
	at sun.nio.ch.SocketChannelImpl.read(Unknown Source)
	at io.netty.buffer.PooledUnsafeDirectByteBuf.setBytes(PooledUnsafeDirectByteBuf.java:311)
	at io.netty.buffer.AbstractByteBuf.writeBytes(AbstractByteBuf.java:881)
	at io.netty.channel.socket.nio.NioSocketChannel.doReadBytes(NioSocketChannel.java:242)
	at io.netty.channel.nio.AbstractNioByteChannel$NioByteUnsafe.read(AbstractNioByteChannel.java:119)
	at io.netty.channel.nio.NioEventLoop.processSelectedKey(NioEventLoop.java:511)
	at io.netty.channel.nio.NioEventLoop.processSelectedKeysOptimized(NioEventLoop.java:468)
	at io.netty.channel.nio.NioEventLoop.processSelectedKeys(NioEventLoop.java:382)
	at io.netty.channel.nio.NioEventLoop.run(NioEventLoop.java:354)
	at io.netty.util.concurrent.SingleThreadEventExecutor$2.run(SingleThreadEventExecutor.java:111)
	at java.lang.Thread.run(Unknown Source)
2016-11-14 23:46:19.420+0000 WARN  [o.n.k.i.c.MonitorGc] GC Monitor: Application threads blocked for 614ms.
2016-11-15 00:46:20.053+0000 WARN  [o.n.k.i.c.MonitorGc] GC Monitor: Application threads blocked for 546ms.
2016-11-15 03:22:52.577+0000 WARN  [o.n.k.i.c.MonitorGc] GC Monitor: Application threads blocked for 6034195ms.
2016-11-15 03:26:54.731+0000 WARN  [o.n.k.i.c.MonitorGc] GC Monitor: Application threads blocked for 454ms.
2016-11-15 06:52:15.858+0000 WARN  [o.n.k.i.c.MonitorGc] GC Monitor: Application threads blocked for 10796026ms.
2016-11-15 14:35:29.209+0000 WARN  [o.n.k.i.c.MonitorGc] GC Monitor: Application threads blocked for 5795ms.
2016-11-15 14:45:53.590+0000 WARN  [o.n.k.i.c.MonitorGc] GC Monitor: Application threads blocked for 25014ms.
2016-11-15 17:06:09.741+0000 WARN  [o.n.k.i.c.MonitorGc] GC Monitor: Application threads blocked for 8408392ms.
2016-11-15 17:34:10.595+0000 WARN  [o.n.k.i.c.MonitorGc] GC Monitor: Application threads blocked for 512186ms.
2016-11-15 17:39:03.577+0000 WARN  [o.n.k.i.c.MonitorGc] GC Monitor: Application threads blocked for 639ms.
2016-11-15 18:17:46.554+0000 WARN  [o.n.k.i.c.MonitorGc] GC Monitor: Application threads blocked for 2153176ms.
2016-11-15 19:24:01.599+0000 WARN  [o.n.k.i.c.MonitorGc] GC Monitor: Application threads blocked for 3965272ms.
2016-11-15 19:38:34.386+0000 ERROR [o.n.b.t.SocketTransportHandler] Fatal error occurred when handling a client connection: An existing connection was forcibly closed by the remote host An existing connection was forcibly closed by the remote host
java.io.IOException: An existing connection was forcibly closed by the remote host
	at sun.nio.ch.SocketDispatcher.read0(Native Method)
	at sun.nio.ch.SocketDispatcher.read(Unknown Source)
	at sun.nio.ch.IOUtil.readIntoNativeBuffer(Unknown Source)
	at sun.nio.ch.IOUtil.read(Unknown Source)
	at sun.nio.ch.SocketChannelImpl.read(Unknown Source)
	at io.netty.buffer.PooledUnsafeDirectByteBuf.setBytes(PooledUnsafeDirectByteBuf.java:311)
	at io.netty.buffer.AbstractByteBuf.writeBytes(AbstractByteBuf.java:881)
	at io.netty.channel.socket.nio.NioSocketChannel.doReadBytes(NioSocketChannel.java:242)
	at io.netty.channel.nio.AbstractNioByteChannel$NioByteUnsafe.read(AbstractNioByteChannel.java:119)
	at io.netty.channel.nio.NioEventLoop.processSelectedKey(NioEventLoop.java:511)
	at io.netty.channel.nio.NioEventLoop.processSelectedKeysOptimized(NioEventLoop.java:468)
	at io.netty.channel.nio.NioEventLoop.processSelectedKeys(NioEventLoop.java:382)
	at io.netty.channel.nio.NioEventLoop.run(NioEventLoop.java:354)
	at io.netty.util.concurrent.SingleThreadEventExecutor$2.run(SingleThreadEventExecutor.java:111)
	at java.lang.Thread.run(Unknown Source)
2016-11-15 20:03:38.259+0000 ERROR [o.n.b.t.SocketTransportHandler] Fatal error occurred when handling a client connection: An existing connection was forcibly closed by the remote host An existing connection was forcibly closed by the remote host
java.io.IOException: An existing connection was forcibly closed by the remote host
	at sun.nio.ch.SocketDispatcher.read0(Native Method)
	at sun.nio.ch.SocketDispatcher.read(Unknown Source)
	at sun.nio.ch.IOUtil.readIntoNativeBuffer(Unknown Source)
	at sun.nio.ch.IOUtil.read(Unknown Source)
	at sun.nio.ch.SocketChannelImpl.read(Unknown Source)
	at io.netty.buffer.PooledUnsafeDirectByteBuf.setBytes(PooledUnsafeDirectByteBuf.java:311)
	at io.netty.buffer.AbstractByteBuf.writeBytes(AbstractByteBuf.java:881)
	at io.netty.channel.socket.nio.NioSocketChannel.doReadBytes(NioSocketChannel.java:242)
	at io.netty.channel.nio.AbstractNioByteChannel$NioByteUnsafe.read(AbstractNioByteChannel.java:119)
	at io.netty.channel.nio.NioEventLoop.processSelectedKey(NioEventLoop.java:511)
	at io.netty.channel.nio.NioEventLoop.processSelectedKeysOptimized(NioEventLoop.java:468)
	at io.netty.channel.nio.NioEventLoop.processSelectedKeys(NioEventLoop.java:382)
	at io.netty.channel.nio.NioEventLoop.run(NioEventLoop.java:354)
	at io.netty.util.concurrent.SingleThreadEventExecutor$2.run(SingleThreadEventExecutor.java:111)
	at java.lang.Thread.run(Unknown Source)
2016-11-15 20:21:02.885+0000 WARN  [o.n.k.i.c.MonitorGc] GC Monitor: Application threads blocked for 804ms.
